
Thu 14 Mar 2024 02:55:45 PM UTC: 
 exercises.c | 35 ++++++++++++++++++++++++++++++-----
 1 file changed, 30 insertions(+), 5 deletions(-)
In file included from test.c:1:
exercises.c: In function ‘reverseArray’:
exercises.c:29:3: error: this ‘for’ clause does not guard... [-Werror=misleading-indentation]
   29 |   for (int i = size - 1; i < 0; i--)
      |   ^~~
exercises.c:31:5: note: ...this statement, but the latter is misleadingly indented as if it were guarded by the ‘for’
   31 |     x++;
      |     ^
exercises.c:27:7: error: variable ‘invertido’ set but not used [-Werror=unused-but-set-variable]
   27 |   int invertido[size];
      |       ^~~~~~~~~
exercises.c: In function ‘filterEvenNumbers’:
exercises.c:44:5: error: this ‘if’ clause does not guard... [-Werror=misleading-indentation]
   44 |     if(arr[i] % 2 == 0)
      |     ^~
exercises.c:46:7: note: ...this statement, but the latter is misleadingly indented as if it were guarded by the ‘if’
   46 |       newSize++;
      |       ^~~~~~~
exercises.c: In function ‘mergeSortedArrays’:
exercises.c:61:1: error: expected expression before ‘}’ token
   61 | }
      | ^
cc1: all warnings being treated as errors
Compilation failed
e2c59d0
Thu 14 Mar 2024 02:56:58 PM UTC: 
In file included from test.c:1:
exercises.c: In function ‘reverseArray’:
exercises.c:27:7: error: variable ‘invertido’ set but not used [-Werror=unused-but-set-variable]
   27 |   int invertido[size];
      |       ^~~~~~~~~
exercises.c: In function ‘filterEvenNumbers’:
exercises.c:44:5: error: this ‘if’ clause does not guard... [-Werror=misleading-indentation]
   44 |     if(arr[i] % 2 == 0)
      |     ^~
exercises.c:46:7: note: ...this statement, but the latter is misleadingly indented as if it were guarded by the ‘if’
   46 |       newSize++;
      |       ^~~~~~~
exercises.c: In function ‘mergeSortedArrays’:
exercises.c:61:1: error: expected expression before ‘}’ token
   61 | }
      | ^
cc1: all warnings being treated as errors
Compilation failed
248accb
Thu 14 Mar 2024 02:59:44 PM UTC: 
In file included from test.c:1:
exercises.c: In function ‘reverseArray’:
exercises.c:29:3: error: this ‘for’ clause does not guard... [-Werror=misleading-indentation]
   29 |   for (int i = size - 1; i < 0; i--)
      |   ^~~
exercises.c:31:5: note: ...this statement, but the latter is misleadingly indented as if it were guarded by the ‘for’
   31 |     x++;
      |     ^
exercises.c:27:7: error: variable ‘invertido’ set but not used [-Werror=unused-but-set-variable]
   27 |   int invertido[size];
      |       ^~~~~~~~~
exercises.c: In function ‘filterEvenNumbers’:
exercises.c:44:5: error: this ‘if’ clause does not guard... [-Werror=misleading-indentation]
   44 |     if(arr[i] % 2 == 0)
      |     ^~
exercises.c:46:7: note: ...this statement, but the latter is misleadingly indented as if it were guarded by the ‘if’
   46 |       newSize++;
      |       ^~~~~~~
exercises.c: In function ‘mergeSortedArrays’:
exercises.c:61:1: error: expected expression before ‘}’ token
   61 | }
      | ^
cc1: all warnings being treated as errors
Compilation failed
e3ac4f2
Thu 14 Mar 2024 03:02:19 PM UTC: 
 exercises.c | 3 ++-
 1 file changed, 2 insertions(+), 1 deletion(-)
In file included from test.c:1:
exercises.c: In function ‘reverseArray’:
exercises.c:27:7: error: variable ‘invertido’ set but not used [-Werror=unused-but-set-variable]
   27 |   int invertido[size];
      |       ^~~~~~~~~
exercises.c: In function ‘filterEvenNumbers’:
exercises.c:45:5: error: this ‘if’ clause does not guard... [-Werror=misleading-indentation]
   45 |     if(arr[i] % 2 == 0)
      |     ^~
exercises.c:47:7: note: ...this statement, but the latter is misleadingly indented as if it were guarded by the ‘if’
   47 |       newSize++;
      |       ^~~~~~~
exercises.c: In function ‘mergeSortedArrays’:
exercises.c:62:1: error: expected expression before ‘}’ token
   62 | }
      | ^
cc1: all warnings being treated as errors
Compilation failed
fe9c7c0
Thu 14 Mar 2024 03:04:22 PM UTC: 
 exercises.c | 2 ++
 1 file changed, 2 insertions(+)
In file included from test.c:1:
exercises.c: In function ‘filterEvenNumbers’:
exercises.c:47:5: error: this ‘if’ clause does not guard... [-Werror=misleading-indentation]
   47 |     if(arr[i] % 2 == 0)
      |     ^~
exercises.c:49:7: note: ...this statement, but the latter is misleadingly indented as if it were guarded by the ‘if’
   49 |       newSize++;
      |       ^~~~~~~
exercises.c: In function ‘mergeSortedArrays’:
exercises.c:64:1: error: expected expression before ‘}’ token
   64 | }
      | ^
cc1: all warnings being treated as errors
Compilation failed
a834ff4
Thu 14 Mar 2024 03:04:55 PM UTC: 
 exercises.c | 3 ++-
 1 file changed, 2 insertions(+), 1 deletion(-)
In file included from test.c:1:
exercises.c: In function ‘filterEvenNumbers’:
exercises.c:46:5: error: this ‘if’ clause does not guard... [-Werror=misleading-indentation]
   46 |     if(arr[i] % 2 == 0)
      |     ^~
exercises.c:48:7: note: ...this statement, but the latter is misleadingly indented as if it were guarded by the ‘if’
   48 |       newSize++;
      |       ^~~~~~~
exercises.c: In function ‘mergeSortedArrays’:
exercises.c:64:1: error: expected expression before ‘}’ token
   64 | }
      | ^
cc1: all warnings being treated as errors
Compilation failed
32c9f54
Thu 14 Mar 2024 03:05:11 PM UTC: 
 exercises.c | 3 ++-
 1 file changed, 2 insertions(+), 1 deletion(-)
In file included from test.c:1:
exercises.c: In function ‘mergeSortedArrays’:
exercises.c:65:1: error: expected expression before ‘}’ token
   65 | }
      | ^
Compilation failed
2c8e7f4
Thu 14 Mar 2024 03:05:31 PM UTC: 
In file included from test.c:1:
exercises.c: In function ‘mergeSortedArrays’:
exercises.c:65:1: error: expected expression before ‘}’ token
   65 | }
      | ^
Compilation failed
83d1dc1
Thu 14 Mar 2024 03:07:46 PM UTC: 
 exercises.c | 4 ++--
 1 file changed, 2 insertions(+), 2 deletions(-)
 tests:  0|6
total_score: 10/70
6b37085
Thu 14 Mar 2024 03:11:33 PM UTC: 
 exercises.c | 4 ++--
 1 file changed, 2 insertions(+), 2 deletions(-)
 tests:  0|6
total_score: 10/70
0247d3d
Thu 14 Mar 2024 03:12:02 PM UTC: 
 exercises.c | 2 +-
 1 file changed, 1 insertion(+), 1 deletion(-)
 tests:  0|6
total_score: 10/70
d41c319
Thu 14 Mar 2024 03:12:38 PM UTC: 
 exercises.c | 2 +-
 1 file changed, 1 insertion(+), 1 deletion(-)
 tests:  0|6
total_score: 10/70
c2cfac5
Thu 14 Mar 2024 03:13:09 PM UTC: 
 exercises.c | 2 +-
 1 file changed, 1 insertion(+), 1 deletion(-)
 tests:  0|6
total_score: 10/70
e7ddc3a
Thu 14 Mar 2024 03:13:32 PM UTC: 
 exercises.c | 2 +-
 1 file changed, 1 insertion(+), 1 deletion(-)
 tests:  0|6
total_score: 10/70
bc0b7ba
Thu 14 Mar 2024 03:14:17 PM UTC: 
 exercises.c | 2 +-
 1 file changed, 1 insertion(+), 1 deletion(-)
In file included from test.c:1:
exercises.c: In function ‘reverseArray’:
exercises.c:32:23: error: ‘*invertido[1]’ may be used uninitialized [-Werror=maybe-uninitialized]
   32 |     arr[x] = invertido[x];
      |              ~~~~~~~~~^~~
cc1: all warnings being treated as errors
Compilation failed
2a78bc0
Thu 14 Mar 2024 03:14:45 PM UTC: 
 exercises.c | 2 +-
 1 file changed, 1 insertion(+), 1 deletion(-)
 tests:  0|6
total_score: 10/70
3acfc93
Thu 14 Mar 2024 03:15:39 PM UTC: 
 exercises.c | 3 ++-
 1 file changed, 2 insertions(+), 1 deletion(-)
 tests:  0|6
total_score: 10/70
8ee3da5
Thu 14 Mar 2024 03:17:05 PM UTC: 
 exercises.c | 3 +--
 1 file changed, 1 insertion(+), 2 deletions(-)
 tests:  0|6
total_score: 10/70
b4ef47e
Thu 14 Mar 2024 03:17:48 PM UTC: 
 exercises.c | 1 +
 1 file changed, 1 insertion(+)
In file included from test.c:1:
exercises.c: In function ‘reverseArray’:
exercises.c:31:15: error: passing argument 1 of ‘printf’ makes pointer from integer without a cast [-Werror=int-conversion]
   31 |     printf(arr[i]);
      |            ~~~^~~
      |               |
      |               int
In file included from /nix/store/4pqv2mwdn88h7xvsm7a5zplrd8sxzvw0-glibc-2.35-163-dev/include/stdio.h:906,
                 from exercises.c:3,
                 from test.c:1:
/nix/store/4pqv2mwdn88h7xvsm7a5zplrd8sxzvw0-glibc-2.35-163-dev/include/bits/stdio2.h:84:32: note: expected ‘const char * restrict’ but argument is of type ‘int’
   84 | printf (const char *__restrict __fmt, ...)
      |         ~~~~~~~~~~~~~~~~~~~~~~~^~~~~
In file included from test.c:1:
exercises.c:31:5: error: format not a string literal and no format arguments [-Werror=format-security]
   31 |     printf(arr[i]);
      |     ^~~~~~
cc1: all warnings being treated as errors
Compilation failed
4bac818
Thu 14 Mar 2024 03:19:00 PM UTC: 
 exercises.c | 2 +-
 1 file changed, 1 insertion(+), 1 deletion(-)
In file included from test.c:1:
exercises.c: In function ‘reverseArray’:
exercises.c:31:16: error: expected ‘)’ before ‘arr’
   31 |     printf("%d"arr[i]);
      |           ~    ^~~
      |                )
exercises.c:31:14: error: format ‘%d’ expects a matching ‘int’ argument [-Werror=format=]
   31 |     printf("%d"arr[i]);
      |             ~^
      |              |
      |              int
cc1: all warnings being treated as errors
Compilation failed
0877146
Thu 14 Mar 2024 03:20:25 PM UTC: 
 exercises.c | 2 +-
 1 file changed, 1 insertion(+), 1 deletion(-)
In file included from test.c:1:
exercises.c: In function ‘reverseArray’:
exercises.c:31:12: error: too many arguments for format [-Werror=format-extra-args]
   31 |     printf("i ", arr[i]);
      |            ^~~~
cc1: all warnings being treated as errors
Compilation failed
87f1907
Thu 14 Mar 2024 03:20:34 PM UTC: 
 exercises.c | 2 +-
 1 file changed, 1 insertion(+), 1 deletion(-)
In file included from test.c:1:
exercises.c: In function ‘reverseArray’:
exercises.c:31:12: error: too many arguments for format [-Werror=format-extra-args]
   31 |     printf("d ", arr[i]);
      |            ^~~~
cc1: all warnings being treated as errors
Compilation failed
76d5343
Thu 14 Mar 2024 03:20:37 PM UTC: 
 exercises.c | 2 +-
 1 file changed, 1 insertion(+), 1 deletion(-)
 tests:  0|6
total_score: 10/70
e4d8622
Thu 14 Mar 2024 07:55:42 PM UTC: 
 exercises.c | 11 ++++-------
 1 file changed, 4 insertions(+), 7 deletions(-)
 tests:  0|5
total_score: 20/70
133dcdb
Thu 14 Mar 2024 07:56:25 PM UTC: 
 exercises.c | 4 ++--
 1 file changed, 2 insertions(+), 2 deletions(-)
 tests:  0|5
total_score: 20/70
6952365
Thu 14 Mar 2024 07:59:39 PM UTC: 
 exercises.c | 2 ++
 1 file changed, 2 insertions(+)
 tests:  0|5
total_score: 20/70
adfd0ca
Thu 14 Mar 2024 08:00:18 PM UTC: 
 exercises.c | 4 ++--
 1 file changed, 2 insertions(+), 2 deletions(-)
 tests:  0|4
total_score: 30/70
ae4baa9
Thu 14 Mar 2024 08:01:17 PM UTC: 
 exercises.c | 2 +-
 1 file changed, 1 insertion(+), 1 deletion(-)
In file included from test.c:1:
exercises.c: In function ‘filterEvenNumbers’:
exercises.c:48:7: error: value computed is not used [-Werror=unused-value]
   48 |       *newSize++;
      |       ^~~~~~~~~~
cc1: all warnings being treated as errors
Compilation failed
0b236a3
Thu 14 Mar 2024 08:01:23 PM UTC: 
 exercises.c | 2 +-
 1 file changed, 1 insertion(+), 1 deletion(-)
 tests:  0|4
total_score: 30/70
4938dd7
Sat 16 Mar 2024 12:35:40 AM UTC: 
 exercises.c | 19 +++++++++++++++----
 1 file changed, 15 insertions(+), 4 deletions(-)
In file included from test.c:1:
exercises.c: In function ‘mergeSortedArrays’:
exercises.c:64:7: error: variable ‘SortArr’ set but not used [-Werror=unused-but-set-variable]
   64 |   int SortArr[sumSize];
      |       ^~~~~~~
cc1: all warnings being treated as errors
Compilation failed
d445b11
Sat 16 Mar 2024 12:39:43 AM UTC: 
 exercises.c | 5 +++--
 1 file changed, 3 insertions(+), 2 deletions(-)
In file included from test.c:1:
exercises.c: In function ‘mergeSortedArrays’:
exercises.c:64:7: error: variable ‘SortArr’ set but not used [-Werror=unused-but-set-variable]
   64 |   int SortArr[sumSize];
      |       ^~~~~~~
cc1: all warnings being treated as errors
Compilation failed
9eb4ce1
Sat 16 Mar 2024 12:40:17 AM UTC: 
 exercises.c | 5 ++---
 1 file changed, 2 insertions(+), 3 deletions(-)
In file included from test.c:1:
exercises.c: In function ‘mergeSortedArrays’:
exercises.c:68:8: error: ‘y’ may be used uninitialized in this function [-Werror=maybe-uninitialized]
   68 |       y++;
      |       ~^~
cc1: all warnings being treated as errors
Compilation failed
6f4b1b8
Sat 16 Mar 2024 12:40:46 AM UTC: 
 exercises.c | 3 ++-
 1 file changed, 2 insertions(+), 1 deletion(-)
 tests:  0|4
total_score: 30/70
90a55c6
Sat 16 Mar 2024 12:42:39 AM UTC: 
 exercises.c | 15 +++++----------
 1 file changed, 5 insertions(+), 10 deletions(-)
 tests:  0|3
total_score: 40/70
76cc2f8
Sat 16 Mar 2024 12:51:12 AM UTC: 
 exercises.c | 12 ++++++++----
 1 file changed, 8 insertions(+), 4 deletions(-)
 tests:  0|4
total_score: 30/70
f829e34
Sat 16 Mar 2024 12:51:47 AM UTC: 
 exercises.c | 10 ++++------
 1 file changed, 4 insertions(+), 6 deletions(-)
 tests:  0|3
total_score: 40/70
a298527
Sat 16 Mar 2024 12:55:21 AM UTC: 
 exercises.c | 1 +
 1 file changed, 1 insertion(+)
 tests:  0|3
total_score: 40/70
68a4bda
Sat 16 Mar 2024 12:56:06 AM UTC: 
 exercises.c | 1 +
 1 file changed, 1 insertion(+)
 tests:  0|3
total_score: 40/70
fdc08f7
Sat 16 Mar 2024 12:56:15 AM UTC: 
 exercises.c | 2 +-
 1 file changed, 1 insertion(+), 1 deletion(-)
 tests:  0|3
total_score: 40/70
d060683
Sat 16 Mar 2024 12:56:25 AM UTC: 
 exercises.c | 2 +-
 1 file changed, 1 insertion(+), 1 deletion(-)
 tests:  0|3
total_score: 40/70
98935f2
Sat 16 Mar 2024 12:57:55 AM UTC: 
 exercises.c | 2 +-
 1 file changed, 1 insertion(+), 1 deletion(-)
 tests:  0|3
total_score: 40/70
dc84025
Sat 16 Mar 2024 12:58:02 AM UTC: 
 exercises.c | 2 +-
 1 file changed, 1 insertion(+), 1 deletion(-)
 tests:  0|3
total_score: 40/70
7c0300f
Sat 16 Mar 2024 12:58:16 AM UTC: 
 exercises.c | 2 --
 1 file changed, 2 deletions(-)
 tests:  0|3
total_score: 40/70
5dcf469
Sat 16 Mar 2024 12:58:41 AM UTC: 
 exercises.c | 2 +-
 1 file changed, 1 insertion(+), 1 deletion(-)
Sat 16 Mar 2024 12:58:43 AM UTC: 
 exercises.c | 2 +-
 1 file changed, 1 insertion(+), 1 deletion(-)
 tests:  0|4
total_score: 30/70
0231acf
Sat 16 Mar 2024 01:04:50 AM UTC: 
 exercises.c | 2 +-
 1 file changed, 1 insertion(+), 1 deletion(-)
 tests:  0|3
total_score: 40/70
d365206
Sat 16 Mar 2024 01:06:33 AM UTC: 
 exercises.c | 4 ++--
 1 file changed, 2 insertions(+), 2 deletions(-)
 tests:  0|3
total_score: 40/70
df6d0e7
Sat 16 Mar 2024 01:08:57 AM UTC: 
 exercises.c | 5 ++++-
 1 file changed, 4 insertions(+), 1 deletion(-)
 tests:  0|4
total_score: 30/70
97792f8
Sat 16 Mar 2024 01:15:08 AM UTC: 
 exercises.c | 9 +++++++--
 1 file changed, 7 insertions(+), 2 deletions(-)
In file included from test.c:1:
exercises.c: In function ‘checkSorted’:
exercises.c:86:17: error: expected expression before ‘)’ token
   86 |     if(arr[i] > )
      |                 ^
Compilation failed
5876868
Sat 16 Mar 2024 01:23:23 AM UTC: 
 exercises.c | 3 +++
 1 file changed, 3 insertions(+)
In file included from test.c:1:
exercises.c: In function ‘mergeSortedArrays’:
exercises.c:74:7: error: ‘else’ without a previous ‘if’
   74 |       else {
      |       ^~~~
exercises.c: In function ‘checkSorted’:
exercises.c:89:17: error: expected expression before ‘)’ token
   89 |     if(arr[i] > )
      |                 ^
Compilation failed
28c7d58
Sat 16 Mar 2024 01:23:33 AM UTC: 
 exercises.c | 2 +-
 1 file changed, 1 insertion(+), 1 deletion(-)
In file included from test.c:1:
exercises.c: In function ‘mergeSortedArrays’:
exercises.c:74:7: error: ‘else’ without a previous ‘if’
   74 |       else {
      |       ^~~~
exercises.c: In function ‘checkSorted’:
exercises.c:89:17: error: expected expression before ‘)’ token
   89 |     if(arr[i] > )
      |                 ^
Compilation failed
82b1f43
Sat 16 Mar 2024 01:26:03 AM UTC: 
 exercises.c | 5 +----
 1 file changed, 1 insertion(+), 4 deletions(-)
In file included from test.c:1:
exercises.c: In function ‘checkSorted’:
exercises.c:86:17: error: expected expression before ‘)’ token
   86 |     if(arr[i] > )
      |                 ^
Compilation failed
53a429d
Sat 16 Mar 2024 02:41:30 AM UTC: 
 exercises.c | 8 +++-----
 1 file changed, 3 insertions(+), 5 deletions(-)
In file included from test.c:1:
exercises.c: In function ‘checkSorted’:
exercises.c:84:17: error: expected expression before ‘)’ token
   84 |     if(arr[i] > )
      |                 ^
Compilation failed
94d8aa6
Sat 16 Mar 2024 02:42:26 AM UTC: 
 exercises.c | 2 +-
 1 file changed, 1 insertion(+), 1 deletion(-)
In file included from test.c:1:
exercises.c: In function ‘checkSorted’:
exercises.c:83:17: error: expected expression before ‘)’ token
   83 |     if(arr[i] > )
      |                 ^
Compilation failed
02b3f02
Sat 16 Mar 2024 02:44:21 AM UTC: 
 exercises.c | 2 +-
 1 file changed, 1 insertion(+), 1 deletion(-)
In file included from test.c:1:
exercises.c: In function ‘checkSorted’:
exercises.c:83:17: error: expected expression before ‘)’ token
   83 |     if(arr[i] > )
      |                 ^
Compilation failed
68d2be2
Sat 16 Mar 2024 04:14:25 AM UTC: 
 exercises.c | 15 ++++++++++++---
 1 file changed, 12 insertions(+), 3 deletions(-)
In file included from test.c:1:
exercises.c: In function ‘checkSorted’:
exercises.c:84:15: error: unused variable ‘x’ [-Werror=unused-variable]
   84 |       for(int x = 0; i < size - 1; i++){
      |               ^
exercises.c:96:1: error: control reaches end of non-void function [-Werror=return-type]
   96 | }
      | ^
cc1: all warnings being treated as errors
Compilation failed
0ca46de
Sat 16 Mar 2024 04:15:58 AM UTC: 
 exercises.c | 2 +-
 1 file changed, 1 insertion(+), 1 deletion(-)
In file included from test.c:1:
exercises.c: In function ‘checkSorted’:
exercises.c:96:1: error: control reaches end of non-void function [-Werror=return-type]
   96 | }
      | ^
cc1: all warnings being treated as errors
Compilation failed
3993cb2
Sat 16 Mar 2024 04:16:20 AM UTC: 
 exercises.c | 3 ++-
 1 file changed, 2 insertions(+), 1 deletion(-)
In file included from test.c:1:
exercises.c: In function ‘checkSorted’:
exercises.c:97:1: error: control reaches end of non-void function [-Werror=return-type]
   97 | }
      | ^
cc1: all warnings being treated as errors
Compilation failed
c9c3986
Sat 16 Mar 2024 04:16:34 AM UTC: 
 exercises.c | 1 -
 1 file changed, 1 deletion(-)
test.c: In function ‘checkSorted’:
test.c:382:5: error: ‘main’ is normally a non-static function [-Werror=main]
  382 | int main(int argc, char *argv[]) {
      |     ^~~~
test.c:410:1: error: expected declaration or statement at end of input
  410 | }
      | ^
test.c:7:6: error: unused variable ‘msg’ [-Werror=unused-variable]
    7 | char msg[300];
      |      ^~~
test.c:411: error: control reaches end of non-void function [-Werror=return-type]
At top level:
test.c:382:5: error: ‘main’ defined but not used [-Werror=unused-function]
  382 | int main(int argc, char *argv[]) {
      |     ^~~~
test.c:47:6: error: ‘readIntArray’ defined but not used [-Werror=unused-function]
   47 | void readIntArray(int arr[], int *size) {
      |      ^~~~~~~~~~~~
cc1: all warnings being treated as errors
Compilation failed
ba2fc38
Sat 16 Mar 2024 04:20:17 AM UTC: 
 exercises.c | 8 ++++----
 1 file changed, 4 insertions(+), 4 deletions(-)
In file included from test.c:1:
exercises.c: In function ‘checkSorted’:
exercises.c:96:1: error: control reaches end of non-void function [-Werror=return-type]
   96 | }
      | ^
cc1: all warnings being treated as errors
Compilation failed
cd94ad4
Sat 16 Mar 2024 04:23:53 AM UTC: 
 exercises.c | 17 +++++++++++------
 1 file changed, 11 insertions(+), 6 deletions(-)
 tests:  0|3
total_score: 40/70
37cd704
Sat 16 Mar 2024 04:24:28 AM UTC: 
 exercises.c | 26 +++++++++++++-------------
 1 file changed, 13 insertions(+), 13 deletions(-)
Sat 16 Mar 2024 04:24:34 AM UTC: 
 exercises.c | 26 +++++++++++++-------------
 1 file changed, 13 insertions(+), 13 deletions(-)
 tests:  0|2
total_score: 50/70
c11c84b
Sat 16 Mar 2024 04:32:37 AM UTC: 
 exercises.c | 29 ++++++++++++++---------------
 1 file changed, 14 insertions(+), 15 deletions(-)
In file included from test.c:1:
exercises.c: In function ‘checkSorted’:
exercises.c:96:1: error: control reaches end of non-void function [-Werror=return-type]
   96 | }
      | ^
cc1: all warnings being treated as errors
Compilation failed
a6b92dd
Sat 16 Mar 2024 04:34:07 AM UTC: 
 exercises.c | 1 +
 1 file changed, 1 insertion(+)
In file included from test.c:1:
exercises.c: In function ‘checkSorted’:
exercises.c:96:1: error: control reaches end of non-void function [-Werror=return-type]
   96 | }
      | ^
exercises.c: In function ‘inicializarLibro’:
exercises.c:118:3: error: ignoring return value of ‘scanf’ declared with attribute ‘warn_unused_result’ [-Werror=unused-result]
  118 |   scanf(titulo, "%s", libro->titulo);
      |   ^~~~~~~~~~~~~~~~~~~~~~~~~~~~~~~~~~
cc1: all warnings being treated as errors
Compilation failed
0a9c988
Sat 16 Mar 2024 04:34:26 AM UTC: 
 exercises.c | 1 -
 1 file changed, 1 deletion(-)
In file included from test.c:1:
exercises.c: In function ‘checkSorted’:
exercises.c:96:1: error: control reaches end of non-void function [-Werror=return-type]
   96 | }
      | ^
cc1: all warnings being treated as errors
Compilation failed
b9686b5
Sat 16 Mar 2024 05:07:58 AM UTC: 
 exercises.c | 5 +++--
 1 file changed, 3 insertions(+), 2 deletions(-)
In file included from test.c:1:
exercises.c: In function ‘checkSorted’:
exercises.c:96:1: error: control reaches end of non-void function [-Werror=return-type]
   96 | }
      | ^
cc1: all warnings being treated as errors
Compilation failed
ca1927a
Sat 16 Mar 2024 05:14:21 AM UTC: 
 exercises.c | 5 ++---
 1 file changed, 2 insertions(+), 3 deletions(-)
In file included from test.c:1:
exercises.c: In function ‘checkSorted’:
exercises.c:96:1: error: control reaches end of non-void function [-Werror=return-type]
   96 | }
      | ^
cc1: all warnings being treated as errors
Compilation failed
f238a2e
Sat 16 Mar 2024 05:22:17 AM UTC: 
 exercises.c | 14 +++++++++++++-
 1 file changed, 13 insertions(+), 1 deletion(-)
In file included from test.c:1:
exercises.c: In function ‘crearListaEnlazada’:
exercises.c:141:9: error: unused variable ‘ultimo’ [-Werror=unused-variable]
  141 |   Nodo *ultimo = NULL;
      |         ^~~~~~
exercises.c:140:9: error: unused variable ‘lista’ [-Werror=unused-variable]
  140 |   Nodo *lista = NULL;
      |         ^~~~~
exercises.c: In function ‘checkSorted’:
exercises.c:96:1: error: control reaches end of non-void function [-Werror=return-type]
   96 | }
      | ^
cc1: all warnings being treated as errors
Compilation failed
75dd830
Sat 16 Mar 2024 05:24:03 AM UTC: 
 exercises.c | 11 ++++++++++-
 1 file changed, 10 insertions(+), 1 deletion(-)
In file included from test.c:1:
exercises.c: In function ‘checkSorted’:
exercises.c:96:1: error: control reaches end of non-void function [-Werror=return-type]
   96 | }
      | ^
cc1: all warnings being treated as errors
Compilation failed
dc4d88f
Sat 16 Mar 2024 05:25:39 AM UTC: 
 exercises.c | 2 +-
 1 file changed, 1 insertion(+), 1 deletion(-)
In file included from test.c:1:
exercises.c: In function ‘inicializarLibro’:
exercises.c:117:25: error: passing argument 2 of ‘strcpy’ makes pointer from integer without a cast [-Werror=int-conversion]
  117 |   strcpy(libro->titulo, *titulo);
      |                         ^~~~~~~
      |                         |
      |                         char
In file included from /nix/store/4pqv2mwdn88h7xvsm7a5zplrd8sxzvw0-glibc-2.35-163-dev/include/features.h:490,
                 from /nix/store/4pqv2mwdn88h7xvsm7a5zplrd8sxzvw0-glibc-2.35-163-dev/include/ctype.h:25,
                 from exercises.c:1,
                 from test.c:1:
/nix/store/4pqv2mwdn88h7xvsm7a5zplrd8sxzvw0-glibc-2.35-163-dev/include/bits/string_fortified.h:77:1: note: expected ‘const char * restrict’ but argument is of type ‘char’
   77 | __NTH (strcpy (char *__restrict __dest, const char *__restrict __src))
      | ^~~~~
In file included from test.c:1:
exercises.c: In function ‘checkSorted’:
exercises.c:96:1: error: control reaches end of non-void function [-Werror=return-type]
   96 | }
      | ^
cc1: all warnings being treated as errors
Compilation failed
1fb9970
Sat 16 Mar 2024 05:25:55 AM UTC: 
 exercises.c | 6 +++---
 1 file changed, 3 insertions(+), 3 deletions(-)
In file included from test.c:1:
exercises.c: In function ‘inicializarLibro’:
exercises.c:119:33: error: invalid type argument of unary ‘*’ (have ‘int’)
  119 |   libro->autor.anioNacimiento = *anioNacimiento;
      |                                 ^~~~~~~~~~~~~~~
exercises.c:120:28: error: invalid type argument of unary ‘*’ (have ‘int’)
  120 |   libro->anioPublicacion = *anioPublicacion;
      |                            ^~~~~~~~~~~~~~~~
exercises.c: In function ‘checkSorted’:
exercises.c:96:1: error: control reaches end of non-void function [-Werror=return-type]
   96 | }
      | ^
cc1: all warnings being treated as errors
Compilation failed
5c7fdb3
Sat 16 Mar 2024 05:26:02 AM UTC: 
 exercises.c | 4 ++--
 1 file changed, 2 insertions(+), 2 deletions(-)
In file included from test.c:1:
exercises.c: In function ‘checkSorted’:
exercises.c:96:1: error: control reaches end of non-void function [-Werror=return-type]
   96 | }
      | ^
cc1: all warnings being treated as errors
Compilation failed
a0f29e2
Sat 16 Mar 2024 05:34:15 AM UTC: 
 exercises.c | 16 +---------------
 1 file changed, 1 insertion(+), 15 deletions(-)
test.c: In function ‘crearListaEnlazada’:
test.c:382:5: error: ‘main’ is normally a non-static function [-Werror=main]
  382 | int main(int argc, char *argv[]) {
      |     ^~~~
test.c:410:1: error: expected declaration or statement at end of input
  410 | }
      | ^
test.c:7:6: error: unused variable ‘msg’ [-Werror=unused-variable]
    7 | char msg[300];
      |      ^~~
In file included from test.c:1:
exercises.c: In function ‘checkSorted’:
exercises.c:96:1: error: control reaches end of non-void function [-Werror=return-type]
   96 | }
      | ^
exercises.c: In function ‘crearListaEnlazada’:
test.c:411: error: control reaches end of non-void function [-Werror=return-type]
At top level:
test.c:382:5: error: ‘main’ defined but not used [-Werror=unused-function]
  382 | int main(int argc, char *argv[]) {
      |     ^~~~
test.c:47:6: error: ‘readIntArray’ defined but not used [-Werror=unused-function]
   47 | void readIntArray(int arr[], int *size) {
      |      ^~~~~~~~~~~~
cc1: all warnings being treated as errors
Compilation failed
c8d5aec
Sat 16 Mar 2024 01:41:15 PM UTC: 
 exercises.c | 1 +
 1 file changed, 1 insertion(+)
test.c: In function ‘crearListaEnlazada’:
test.c:382:5: error: ‘main’ is normally a non-static function [-Werror=main]
  382 | int main(int argc, char *argv[]) {
      |     ^~~~
test.c:410:1: error: expected declaration or statement at end of input
  410 | }
      | ^
test.c:7:6: error: unused variable ‘msg’ [-Werror=unused-variable]
    7 | char msg[300];
      |      ^~~
In file included from test.c:1:
exercises.c: In function ‘checkSorted’:
exercises.c:96:1: error: control reaches end of non-void function [-Werror=return-type]
   96 | }
      | ^
exercises.c: In function ‘crearListaEnlazada’:
test.c:411: error: control reaches end of non-void function [-Werror=return-type]
At top level:
test.c:382:5: error: ‘main’ defined but not used [-Werror=unused-function]
  382 | int main(int argc, char *argv[]) {
      |     ^~~~
test.c:47:6: error: ‘readIntArray’ defined but not used [-Werror=unused-function]
   47 | void readIntArray(int arr[], int *size) {
      |      ^~~~~~~~~~~~
cc1: all warnings being treated as errors
Compilation failed
e59f280
Sat 16 Mar 2024 01:41:56 PM UTC: 
 exercises.c | 1 -
 1 file changed, 1 deletion(-)
test.c: In function ‘crearListaEnlazada’:
test.c:382:5: error: ‘main’ is normally a non-static function [-Werror=main]
  382 | int main(int argc, char *argv[]) {
      |     ^~~~
test.c:410:1: error: expected declaration or statement at end of input
  410 | }
      | ^
test.c:7:6: error: unused variable ‘msg’ [-Werror=unused-variable]
    7 | char msg[300];
      |      ^~~
In file included from test.c:1:
exercises.c: In function ‘checkSorted’:
exercises.c:96:1: error: control reaches end of non-void function [-Werror=return-type]
   96 | }
      | ^
exercises.c: In function ‘crearListaEnlazada’:
test.c:411: error: control reaches end of non-void function [-Werror=return-type]
At top level:
test.c:382:5: error: ‘main’ defined but not used [-Werror=unused-function]
  382 | int main(int argc, char *argv[]) {
      |     ^~~~
test.c:47:6: error: ‘readIntArray’ defined but not used [-Werror=unused-function]
   47 | void readIntArray(int arr[], int *size) {
      |      ^~~~~~~~~~~~
cc1: all warnings being treated as errors
Compilation failed
66f1f5a
Sat 16 Mar 2024 01:51:29 PM UTC: 
 exercises.c | 17 ++++++++++++-----
 1 file changed, 12 insertions(+), 5 deletions(-)
In file included from test.c:1:
exercises.c: In function ‘checkSorted’:
exercises.c:96:1: error: control reaches end of non-void function [-Werror=return-type]
   96 | }
      | ^
exercises.c: In function ‘crearListaEnlazada’:
exercises.c:154:1: error: control reaches end of non-void function [-Werror=return-type]
  154 | }
      | ^
cc1: all warnings being treated as errors
Compilation failed
19e2ded
Sat 16 Mar 2024 01:51:56 PM UTC: 
 exercises.c | 2 ++
 1 file changed, 2 insertions(+)
In file included from test.c:1:
exercises.c: In function ‘checkSorted’:
exercises.c:96:1: error: control reaches end of non-void function [-Werror=return-type]
   96 | }
      | ^
cc1: all warnings being treated as errors
Compilation failed
66f6f34
Sat 16 Mar 2024 01:53:33 PM UTC: 
 exercises.c | 6 +++++-
 1 file changed, 5 insertions(+), 1 deletion(-)
In file included from test.c:1:
exercises.c: In function ‘checkSorted’:
exercises.c:96:1: error: control reaches end of non-void function [-Werror=return-type]
   96 | }
      | ^
cc1: all warnings being treated as errors
Compilation failed
51fb013
Sat 16 Mar 2024 02:25:09 PM UTC: 
In file included from test.c:1:
exercises.c: In function ‘checkSorted’:
exercises.c:96:1: error: control reaches end of non-void function [-Werror=return-type]
   96 | }
      | ^
cc1: all warnings being treated as errors
Compilation failed
9e1e587
Sat 16 Mar 2024 02:25:28 PM UTC: 
 exercises.c | 3 ++-
 1 file changed, 2 insertions(+), 1 deletion(-)
In file included from test.c:1:
exercises.c: In function ‘checkSorted’:
exercises.c:97:1: error: control reaches end of non-void function [-Werror=return-type]
   97 | }
      | ^
cc1: all warnings being treated as errors
Compilation failed
cfe9062
Sat 16 Mar 2024 02:26:23 PM UTC: 
 exercises.c | 14 ++++++++------
 1 file changed, 8 insertions(+), 6 deletions(-)
 tests:  0|1
total_score: 60/70
8557d5f
Sat 16 Mar 2024 02:28:02 PM UTC: 
 exercises.c | 32 ++++++++++++++++++++------------
 1 file changed, 20 insertions(+), 12 deletions(-)
 tests:  0|0
total_score: 70/70
274f6e7
Sat 16 Mar 2024 02:30:49 PM UTC: 
 exercises.c | 25 +++++++++----------------
 1 file changed, 9 insertions(+), 16 deletions(-)
 tests:  0|0
total_score: 70/70
168b531
Sat 16 Mar 2024 02:31:35 PM UTC: 
 exercises.c | 10 ++++------
 1 file changed, 4 insertions(+), 6 deletions(-)
test.c: In function ‘print_linked_list’:
test.c:41:18: error: ‘Nodo’ {aka ‘struct nodo’} has no member named ‘siguiente’
   41 |     lista = lista->siguiente;
      |                  ^~
test.c: In function ‘test_crearListaEnlazada’:
test.c:344:24: error: ‘Nodo’ {aka ‘struct nodo’} has no member named ‘siguiente’
  344 |           lista = lista->siguiente;
      |                        ^~
test.c:349:24: error: ‘Nodo’ {aka ‘struct nodo’} has no member named ‘siguiente’
  349 |       current = current->siguiente;
      |                        ^~
test.c:361:22: error: ‘Nodo’ {aka ‘struct nodo’} has no member named ‘siguiente’
  361 |         lista = lista->siguiente;
      |                      ^~
test.c:370:20: error: ‘Nodo’ {aka ‘struct nodo’} has no member named ‘siguiente’
  370 |       lista = lista->siguiente;
      |                    ^~
Compilation failed
c7c1de4
Sat 16 Mar 2024 02:32:02 PM UTC: 
 exercises.c | 8 ++++----
 1 file changed, 4 insertions(+), 4 deletions(-)
 tests:  0|0
total_score: 70/70
8af3a03
